<?xml version="1.0" encoding="UTF-8"?>
<!-- Generated by org.testng.reporters.JUnitReportReporter -->
<testsuite skipped="0" hostname="DESKTOP-QRBDM40" name="testng.demo.TestCount" tests="1" failures="0" timestamp="2020-09-03T16:57:32 CST" time="0.025" errors="0">
  <testcase name="testAdd" time="0.025" classname="testng.demo.TestCount"/>
  <system-out/>
</testsuite> <!-- testng.demo.TestCount -->
